<?xml version="1.0" encoding="UTF-8"?>
<coverage generated="1699401510920" clover="3.2.0">
  <project timestamp="1699401510920" name="All files">
    <metrics statements="32" coveredstatements="32" conditionals="4" coveredconditionals="4" methods="4" coveredmethods="4" elements="40" coveredelements="40" complexity="0" loc="32" ncloc="32" packages="1" files="1" classes="1"/>
    <file name="sudoku.js" path="/Users/monboza/Desktop/sudoku/src/sudoku.js">
      <metrics statements="32" coveredstatements="32" conditionals="4" coveredconditionals="4" methods="4" coveredmethods="4"/>
      <line num="2" count="4" type="stmt"/>
      <line num="3" count="4" type="stmt"/>
      <line num="4" count="4" type="stmt"/>
      <line num="5" count="4" type="stmt"/>
      <line num="6" count="4" type="stmt"/>
      <line num="7" count="4" type="stmt"/>
      <line num="8" count="4" type="stmt"/>
      <line num="9" count="4" type="stmt"/>
      <line num="10" count="4" type="stmt"/>
      <line num="13" count="1" type="stmt"/>
      <line num="14" count="2" type="stmt"/>
      <line num="16" count="2" type="stmt"/>
      <line num="17" count="17" type="cond" truecount="2" falsecount="0"/>
      <line num="18" count="16" type="stmt"/>
      <line num="20" count="1" type="stmt"/>
      <line num="23" count="1" type="stmt"/>
      <line num="27" count="4" type="stmt"/>
      <line num="28" count="4" type="stmt"/>
      <line num="29" count="4" type="stmt"/>
      <line num="30" count="4" type="stmt"/>
      <line num="31" count="4" type="stmt"/>
      <line num="32" count="4" type="stmt"/>
      <line num="33" count="4" type="stmt"/>
      <line num="34" count="4" type="stmt"/>
      <line num="35" count="4" type="stmt"/>
      <line num="38" count="1" type="stmt"/>
      <line num="39" count="2" type="stmt"/>
      <line num="41" count="2" type="stmt"/>
      <line num="42" count="17" type="cond" truecount="2" falsecount="0"/>
      <line num="43" count="16" type="stmt"/>
      <line num="45" count="1" type="stmt"/>
      <line num="48" count="1" type="stmt"/>
    </file>
  </project>
</coverage>
