TN:
SF:src/sudoku.js
FN:1,Grid
FN:13,(anonymous_1)
FN:26,Columns
FN:38,(anonymous_3)
FNF:4
FNH:4
FNDA:4,Grid
FNDA:2,(anonymous_1)
FNDA:2,Columns
FNDA:1,(anonymous_3)
DA:2,4
DA:3,4
DA:4,4
DA:5,4
DA:6,4
DA:7,4
DA:8,4
DA:9,4
DA:10,4
DA:13,1
DA:14,2
DA:16,2
DA:17,17
DA:18,16
DA:20,1
DA:23,1
DA:27,2
DA:28,2
DA:29,2
DA:30,2
DA:31,2
DA:32,2
DA:33,2
DA:34,2
DA:35,2
DA:38,1
DA:39,1
DA:41,1
DA:42,10
DA:43,10
DA:46,1
LF:31
LH:31
BRDA:17,0,0,16
BRDA:17,0,1,1
BRDA:42,1,0,10
BRDA:42,1,1,0
BRF:4
BRH:3
end_of_record
